<?xml version="1.0" encoding="UTF-8"?>
<!-- Generated by org.testng.reporters.JUnitReportReporter -->
<testsuite hostname="DESKTOP-G5CFHVP" failures="0" tests="1" name="com.example.AppTest" time="33.763" errors="0" timestamp="2024-05-02T11:01:35 IST" skipped="0">
  <testcase classname="com.example.AppTest" name="opentab" time="33.763"/>
</testsuite> <!-- com.example.AppTest -->
